2018/09/06 07:42:11 [error] [php] date(): It is not safe to rely on the system's timezone settings. You are *required* to use the date.timezone setting or the date_default_timezone_set() function. In case you used any of those methods and you are still getting this warning, you most likely misspelled the timezone identifier. We selected the timezone 'UTC' for now, but please set date.timezone to select your timezone. (/Library/WebServer/Documents/phonebook/protected/views/layouts/main.php:51)
Stack trace:
#0 /Library/WebServer/Documents/yii/framework/web/CBaseController.php(95): SiteController->renderInternal()
#1 /Library/WebServer/Documents/yii/framework/web/widgets/CContentDecorator.php(76): SiteController->renderFile()
#2 /Library/WebServer/Documents/yii/framework/web/widgets/CContentDecorator.php(54): CContentDecorator->decorate()
#3 /Library/WebServer/Documents/yii/framework/web/widgets/COutputProcessor.php(44): CContentDecorator->processOutput()
#4 /Library/WebServer/Documents/yii/framework/web/CBaseController.php(206): CContentDecorator->run()
#5 /Library/WebServer/Documents/yii/framework/web/CBaseController.php(300): SiteController->endWidget()
#6 /Library/WebServer/Documents/phonebook/protected/views/layouts/column1.php(6): SiteController->endContent()
#7 /Library/WebServer/Documents/yii/framework/web/CBaseController.php(126): require()
#8 /Library/WebServer/Documents/yii/framework/web/CBaseController.php(95): SiteController->renderInternal()
#9 /Library/WebServer/Documents/yii/framework/web/CController.php(784): SiteController->renderFile()
#10 /Library/WebServer/Documents/phonebook/protected/controllers/SiteController.php(32): SiteController->render()
#11 /Library/WebServer/Documents/yii/framework/web/actions/CInlineAction.php(49): SiteController->actionIndex()
#12 /Library/WebServer/Documents/yii/framework/web/CController.php(308): CInlineAction->runWithParams()
#13 /Library/WebServer/Documents/yii/framework/web/CController.php(286): SiteController->runAction()
#14 /Library/WebServer/Documents/yii/framework/web/CController.php(265): SiteController->runActionWithFilters()
#15 /Library/WebServer/Documents/yii/framework/web/CWebApplication.php(282): SiteController->run()
#16 /Library/WebServer/Documents/yii/framework/web/CWebApplication.php(141): CWebApplication->runController()
#17 /Library/WebServer/Documents/yii/framework/base/CApplication.php(180): CWebApplication->processRequest()
#18 /Library/WebServer/Documents/phonebook/index.php(13): CWebApplication->run()
REQUEST_URI=/phonebook/
in /Library/WebServer/Documents/phonebook/protected/views/layouts/main.php (51)
in /Library/WebServer/Documents/phonebook/protected/views/layouts/column1.php (6)
in /Library/WebServer/Documents/phonebook/protected/controllers/SiteController.php (32)
2018/09/06 09:07:39 [error] [php] date(): Invalid date.timezone value 'Asia/Hongkong', we selected the timezone 'UTC' for now. (/Library/WebServer/Documents/phonebook/protected/views/layouts/main.php:51)
Stack trace:
#0 /Library/WebServer/Documents/yii/framework/web/CBaseController.php(95): SiteController->renderInternal()
#1 /Library/WebServer/Documents/yii/framework/web/widgets/CContentDecorator.php(76): SiteController->renderFile()
#2 /Library/WebServer/Documents/yii/framework/web/widgets/CContentDecorator.php(54): CContentDecorator->decorate()
#3 /Library/WebServer/Documents/yii/framework/web/widgets/COutputProcessor.php(44): CContentDecorator->processOutput()
#4 /Library/WebServer/Documents/yii/framework/web/CBaseController.php(206): CContentDecorator->run()
#5 /Library/WebServer/Documents/yii/framework/web/CBaseController.php(300): SiteController->endWidget()
#6 /Library/WebServer/Documents/phonebook/protected/views/layouts/column1.php(6): SiteController->endContent()
#7 /Library/WebServer/Documents/yii/framework/web/CBaseController.php(126): require()
#8 /Library/WebServer/Documents/yii/framework/web/CBaseController.php(95): SiteController->renderInternal()
#9 /Library/WebServer/Documents/yii/framework/web/CController.php(784): SiteController->renderFile()
#10 /Library/WebServer/Documents/phonebook/protected/controllers/SiteController.php(32): SiteController->render()
#11 /Library/WebServer/Documents/yii/framework/web/actions/CInlineAction.php(49): SiteController->actionIndex()
#12 /Library/WebServer/Documents/yii/framework/web/CController.php(308): CInlineAction->runWithParams()
#13 /Library/WebServer/Documents/yii/framework/web/CController.php(286): SiteController->runAction()
#14 /Library/WebServer/Documents/yii/framework/web/CController.php(265): SiteController->runActionWithFilters()
#15 /Library/WebServer/Documents/yii/framework/web/CWebApplication.php(282): SiteController->run()
#16 /Library/WebServer/Documents/yii/framework/web/CWebApplication.php(141): CWebApplication->runController()
#17 /Library/WebServer/Documents/yii/framework/base/CApplication.php(180): CWebApplication->processRequest()
#18 /Library/WebServer/Documents/phonebook/index.php(13): CWebApplication->run()
REQUEST_URI=/phonebook/
in /Library/WebServer/Documents/phonebook/protected/views/layouts/main.php (51)
in /Library/WebServer/Documents/phonebook/protected/views/layouts/column1.php (6)
in /Library/WebServer/Documents/phonebook/protected/controllers/SiteController.php (32)
2018/09/07 20:00:20 [error] [exception.CHttpException.404] exception 'CHttpException' with message 'Unable to resolve the request "gii".' in /Library/WebServer/Documents/yii/framework/web/CWebApplication.php:286
Stack trace:
#0 /Library/WebServer/Documents/yii/framework/web/CWebApplication.php(141): CWebApplication->runController('gii')
#1 /Library/WebServer/Documents/yii/framework/base/CApplication.php(180): CWebApplication->processRequest()
#2 /Library/WebServer/Documents/phonebook/index.php(13): CApplication->run()
#3 {main}
REQUEST_URI=/phonebook/index.php?r=gii
---
2018/09/07 20:01:10 [error] [exception.CDbException] exception 'CDbException' with message 'CDbConnection failed to open the DB connection: could not find driver' in /Library/WebServer/Documents/yii/framework/db/CDbConnection.php:382
Stack trace:
#0 /Library/WebServer/Documents/yii/framework/db/CDbConnection.php(330): CDbConnection->open()
#1 /Library/WebServer/Documents/yii/framework/db/CDbConnection.php(308): CDbConnection->setActive(true)
#2 /Library/WebServer/Documents/yii/framework/base/CModule.php(387): CDbConnection->init()
#3 /Library/WebServer/Documents/yii/framework/base/CModule.php(103): CModule->getComponent('db')
#4 /Library/WebServer/Documents/yii/framework/gii/generators/model/ModelCode.php(60): CModule->__get('db')
#5 /Library/WebServer/Documents/yii/framework/web/CFormModel.php(39): ModelCode->init()
#6 /Library/WebServer/Documents/yii/framework/gii/CCodeGenerator.php(153): CFormModel->__construct()
#7 /Library/WebServer/Documents/yii/framework/gii/CCodeGenerator.php(63): CCodeGenerator->prepare()
#8 /Library/WebServer/Documents/yii/framework/web/actions/CInlineAction.php(49): CCodeGenerator->actionIndex()
#9 /Library/WebServer/Documents/yii/framework/web/CController.php(308): CInlineAction->runWithParams(Array)
#10 /Library/WebServer/Documents/yii/framework/web/CController.php(286): CController->runAction(Object(CInlineAction))
#11 /Library/WebServer/Documents/yii/framework/web/CController.php(265): CController->runActionWithFilters(Object(CInlineAction), Array)
#12 /Library/WebServer/Documents/yii/framework/web/CWebApplication.php(282): CController->run('index')
#13 /Library/WebServer/Documents/yii/framework/web/CWebApplication.php(141): CWebApplication->runController('gii/model/index')
#14 /Library/WebServer/Documents/yii/framework/base/CApplication.php(180): CWebApplication->processRequest()
#15 /Library/WebServer/Documents/phonebook/index.php(13): CApplication->run()
#16 {main}
REQUEST_URI=/phonebook/index.php?r=gii/model/index
HTTP_REFERER=http://127.0.0.1/phonebook/index.php?r=gii/default/index
---
2018/09/07 20:02:15 [error] [exception.CDbException] exception 'CDbException' with message 'CDbConnection failed to open the DB connection: could not find driver' in /Library/WebServer/Documents/yii/framework/db/CDbConnection.php:382
Stack trace:
#0 /Library/WebServer/Documents/yii/framework/db/CDbConnection.php(330): CDbConnection->open()
#1 /Library/WebServer/Documents/yii/framework/db/CDbConnection.php(308): CDbConnection->setActive(true)
#2 /Library/WebServer/Documents/yii/framework/base/CModule.php(387): CDbConnection->init()
#3 /Library/WebServer/Documents/yii/framework/base/CModule.php(103): CModule->getComponent('db')
#4 /Library/WebServer/Documents/yii/framework/gii/generators/model/ModelCode.php(60): CModule->__get('db')
#5 /Library/WebServer/Documents/yii/framework/web/CFormModel.php(39): ModelCode->init()
#6 /Library/WebServer/Documents/yii/framework/gii/CCodeGenerator.php(153): CFormModel->__construct()
#7 /Library/WebServer/Documents/yii/framework/gii/CCodeGenerator.php(63): CCodeGenerator->prepare()
#8 /Library/WebServer/Documents/yii/framework/web/actions/CInlineAction.php(49): CCodeGenerator->actionIndex()
#9 /Library/WebServer/Documents/yii/framework/web/CController.php(308): CInlineAction->runWithParams(Array)
#10 /Library/WebServer/Documents/yii/framework/web/CController.php(286): CController->runAction(Object(CInlineAction))
#11 /Library/WebServer/Documents/yii/framework/web/CController.php(265): CController->runActionWithFilters(Object(CInlineAction), Array)
#12 /Library/WebServer/Documents/yii/framework/web/CWebApplication.php(282): CController->run('index')
#13 /Library/WebServer/Documents/yii/framework/web/CWebApplication.php(141): CWebApplication->runController('gii/model/index')
#14 /Library/WebServer/Documents/yii/framework/base/CApplication.php(180): CWebApplication->processRequest()
#15 /Library/WebServer/Documents/phonebook/index.php(13): CApplication->run()
#16 {main}
REQUEST_URI=/phonebook/index.php?r=gii/model/index
HTTP_REFERER=http://127.0.0.1/phonebook/index.php?r=gii/default/index
---
2018/09/07 20:02:18 [error] [exception.CDbException] exception 'CDbException' with message 'CDbConnection failed to open the DB connection: could not find driver' in /Library/WebServer/Documents/yii/framework/db/CDbConnection.php:382
Stack trace:
#0 /Library/WebServer/Documents/yii/framework/db/CDbConnection.php(330): CDbConnection->open()
#1 /Library/WebServer/Documents/yii/framework/db/CDbConnection.php(308): CDbConnection->setActive(true)
#2 /Library/WebServer/Documents/yii/framework/base/CModule.php(387): CDbConnection->init()
#3 /Library/WebServer/Documents/yii/framework/base/CModule.php(103): CModule->getComponent('db')
#4 /Library/WebServer/Documents/yii/framework/gii/generators/model/ModelCode.php(60): CModule->__get('db')
#5 /Library/WebServer/Documents/yii/framework/web/CFormModel.php(39): ModelCode->init()
#6 /Library/WebServer/Documents/yii/framework/gii/CCodeGenerator.php(153): CFormModel->__construct()
#7 /Library/WebServer/Documents/yii/framework/gii/CCodeGenerator.php(63): CCodeGenerator->prepare()
#8 /Library/WebServer/Documents/yii/framework/web/actions/CInlineAction.php(49): CCodeGenerator->actionIndex()
#9 /Library/WebServer/Documents/yii/framework/web/CController.php(308): CInlineAction->runWithParams(Array)
#10 /Library/WebServer/Documents/yii/framework/web/CController.php(286): CController->runAction(Object(CInlineAction))
#11 /Library/WebServer/Documents/yii/framework/web/CController.php(265): CController->runActionWithFilters(Object(CInlineAction), Array)
#12 /Library/WebServer/Documents/yii/framework/web/CWebApplication.php(282): CController->run('index')
#13 /Library/WebServer/Documents/yii/framework/web/CWebApplication.php(141): CWebApplication->runController('gii/model/index')
#14 /Library/WebServer/Documents/yii/framework/base/CApplication.php(180): CWebApplication->processRequest()
#15 /Library/WebServer/Documents/phonebook/index.php(13): CApplication->run()
#16 {main}
REQUEST_URI=/phonebook/index.php?r=gii/model/index
---
2018/09/07 20:05:48 [error] [exception.CDbException] exception 'CDbException' with message 'CDbConnection failed to open the DB connection: could not find driver' in /Library/WebServer/Documents/yii/framework/db/CDbConnection.php:382
Stack trace:
#0 /Library/WebServer/Documents/yii/framework/db/CDbConnection.php(330): CDbConnection->open()
#1 /Library/WebServer/Documents/yii/framework/db/CDbConnection.php(308): CDbConnection->setActive(true)
#2 /Library/WebServer/Documents/yii/framework/base/CModule.php(387): CDbConnection->init()
#3 /Library/WebServer/Documents/yii/framework/base/CModule.php(103): CModule->getComponent('db')
#4 /Library/WebServer/Documents/yii/framework/gii/generators/model/ModelCode.php(60): CModule->__get('db')
#5 /Library/WebServer/Documents/yii/framework/web/CFormModel.php(39): ModelCode->init()
#6 /Library/WebServer/Documents/yii/framework/gii/CCodeGenerator.php(153): CFormModel->__construct()
#7 /Library/WebServer/Documents/yii/framework/gii/CCodeGenerator.php(63): CCodeGenerator->prepare()
#8 /Library/WebServer/Documents/yii/framework/web/actions/CInlineAction.php(49): CCodeGenerator->actionIndex()
#9 /Library/WebServer/Documents/yii/framework/web/CController.php(308): CInlineAction->runWithParams(Array)
#10 /Library/WebServer/Documents/yii/framework/web/CController.php(286): CController->runAction(Object(CInlineAction))
#11 /Library/WebServer/Documents/yii/framework/web/CController.php(265): CController->runActionWithFilters(Object(CInlineAction), Array)
#12 /Library/WebServer/Documents/yii/framework/web/CWebApplication.php(282): CController->run('index')
#13 /Library/WebServer/Documents/yii/framework/web/CWebApplication.php(141): CWebApplication->runController('gii/model/index')
#14 /Library/WebServer/Documents/yii/framework/base/CApplication.php(180): CWebApplication->processRequest()
#15 /Library/WebServer/Documents/phonebook/index.php(13): CApplication->run()
#16 {main}
REQUEST_URI=/phonebook/index.php?r=gii/model/index
---
2018/09/07 20:25:07 [error] [exception.CHttpException.404] exception 'CHttpException' with message 'Unable to resolve the request "gii/model/index".' in /Library/WebServer/Documents/yii/framework/web/CWebApplication.php:286
Stack trace:
#0 /Library/WebServer/Documents/yii/framework/web/CWebApplication.php(141): CWebApplication->runController('gii/model/index')
#1 /Library/WebServer/Documents/yii/framework/base/CApplication.php(180): CWebApplication->processRequest()
#2 /Library/WebServer/Documents/phonebook/index.php(13): CApplication->run()
#3 {main}
REQUEST_URI=/phonebook/index.php?r=gii/model/index
---
